<?xml version="1.0" encoding="utf-8" standalone="no"?>
<!--This file represents the results of running a test suite-->
<test-results name="C:\Users\Юрий\Documents\Visual Studio 2013\Projects\Калькулятор_Str\Calculator\Calculator_Test\bin\Debug\Calculator_Test.dll" total="4" errors="0" failures="0" not-run="0" inconclusive="0" ignored="0" skipped="0" invalid="0" date="2015-11-02" time="18:34:21">
  <environment nunit-version="2.6.4.14350" clr-version="2.0.50727.8662" os-version="Microsoft Windows NT 6.2.9200.0" platform="Win32NT" cwd="C:\Users\Юрий\Documents\Visual Studio 2013\Projects\Калькулятор_Str\Calculator\Calculator_Test\bin\Debug" machine-name="YURA" user="Юрий" user-domain="YURA" />
  <culture-info current-culture="ru-RU" current-uiculture="ru-RU" />
  <test-suite type="Assembly" name="C:\Users\Юрий\Documents\Visual Studio 2013\Projects\Калькулятор_Str\Calculator\Calculator_Test\bin\Debug\Calculator_Test.dll" executed="True" result="Success" success="True" time="0.182" asserts="0">
    <results>
      <test-suite type="Namespace" name="Calculator_Test" executed="True" result="Success" success="True" time="0.160" asserts="0">
        <results>
          <test-suite type="TestFixture" name="Parser_Test" executed="True" result="Success" success="True" time="0.153" asserts="0">
            <results>
              <test-case name="Calculator_Test.Parser_Test.Test_Addition_Subtraction" executed="True" result="Success" success="True" time="0.079" asserts="2" />
              <test-case name="Calculator_Test.Parser_Test.Test_Brackets" executed="True" result="Success" success="True" time="0.001" asserts="2" />
              <test-case name="Calculator_Test.Parser_Test.Test_Multiplication_Division" executed="True" result="Success" success="True" time="0.001" asserts="2" />
              <test-case name="Calculator_Test.Parser_Test.Test_Unar_Op" executed="True" result="Success" success="True" time="0.001" asserts="2" />
            </results>
          </test-suite>
        </results>
      </test-suite>
    </results>
  </test-suite>
</test-results>